<?xml version="1.0" encoding="UTF-8"?>
<!-- Generated by org.testng.reporters.JUnitReportReporter -->
<testsuite hostname="rohith" name="com.MK.mK1.TestRunner" tests="1" failures="0" timestamp="7 Feb 2019 04:58:53 GMT" time="0.088" errors="0">
  <testcase name="feature" time="0.088" classname="com.MK.mK1.TestRunner"/>
</testsuite> <!-- com.MK.mK1.TestRunner -->
